{"level":"info","message":"Server started on Port 5000","service":"chat-backend","timestamp":"2026-03-05 17:12:19"}
{"level":"error","message":"Redis Connection Error: ","service":"chat-backend","timestamp":"2026-03-05 17:12:19"}
{"level":"info","message":"DB Connection Successful","service":"chat-backend","timestamp":"2026-03-05 17:12:19"}
{"level":"info","message":"Server started on Port 5000","service":"chat-backend","timestamp":"2026-03-05 17:13:56"}
{"level":"error","message":"Redis Connection Error: ","service":"chat-backend","timestamp":"2026-03-05 17:13:56"}
{"level":"info","message":"DB Connection Successful","service":"chat-backend","timestamp":"2026-03-05 17:13:56"}
{"level":"info","message":"Server started on Port 5000","service":"chat-backend","timestamp":"2026-03-05 17:14:19"}
{"level":"error","message":"Redis Connection Error: ","service":"chat-backend","timestamp":"2026-03-05 17:14:19"}
{"level":"info","message":"DB Connection Successful","service":"chat-backend","timestamp":"2026-03-05 17:14:19"}
{"level":"info","message":"Server started on Port 5000","service":"chat-backend","timestamp":"2026-03-05 17:15:12"}
{"level":"error","message":"Redis Connection Error: ","service":"chat-backend","timestamp":"2026-03-05 17:15:12"}
{"level":"info","message":"DB Connection Successful","service":"chat-backend","timestamp":"2026-03-05 17:15:12"}
{"level":"info","message":"Server started on Port 5000","service":"chat-backend","timestamp":"2026-03-05 17:15:27"}
{"level":"error","message":"Redis Connection Error: ","service":"chat-backend","timestamp":"2026-03-05 17:15:27"}
{"level":"info","message":"DB Connection Successful","service":"chat-backend","timestamp":"2026-03-05 17:15:27"}
{"level":"info","message":"Server started on Port 5000","service":"chat-backend","timestamp":"2026-03-05 17:17:45"}
{"level":"info","message":"Redis Adapter connected to Socket.io","service":"chat-backend","timestamp":"2026-03-05 17:17:45"}
{"level":"info","message":"DB Connection Successful","service":"chat-backend","timestamp":"2026-03-05 17:17:45"}
{"level":"info","message":"Server started on Port 5000","service":"chat-backend","timestamp":"2026-03-05 17:21:41"}
{"level":"info","message":"Redis Adapter connected to Socket.io","service":"chat-backend","timestamp":"2026-03-05 17:21:41"}
{"level":"info","message":"DB Connection Successful","service":"chat-backend","timestamp":"2026-03-05 17:21:41"}
{"level":"info","message":"Server started on Port 5000","service":"chat-backend","timestamp":"2026-03-05 17:21:49"}
{"level":"info","message":"Redis Adapter connected to Socket.io","service":"chat-backend","timestamp":"2026-03-05 17:21:49"}
{"level":"info","message":"DB Connection Successful","service":"chat-backend","timestamp":"2026-03-05 17:21:49"}
{"level":"info","message":"Server started on Port 5000","service":"chat-backend","timestamp":"2026-03-05 17:31:13"}
{"level":"info","message":"Redis Adapter connected to Socket.io","service":"chat-backend","timestamp":"2026-03-05 17:31:13"}
{"level":"info","message":"DB Connection Successful","service":"chat-backend","timestamp":"2026-03-05 17:31:13"}
{"level":"info","message":"Server started on Port 5000","service":"chat-backend","timestamp":"2026-03-05 17:42:44"}
{"level":"info","message":"Redis Adapter connected to Socket.io","service":"chat-backend","timestamp":"2026-03-05 17:42:44"}
{"level":"info","message":"DB Connection Successful","service":"chat-backend","timestamp":"2026-03-05 17:42:44"}
{"level":"info","message":"Server started on Port 5000","service":"chat-backend","timestamp":"2026-03-05 17:47:08"}
{"level":"info","message":"Redis Adapter connected to Socket.io","service":"chat-backend","timestamp":"2026-03-05 17:47:09"}
{"level":"info","message":"DB Connection Successful","service":"chat-backend","timestamp":"2026-03-05 17:47:09"}
{"level":"info","message":"Server started on Port 5000","service":"chat-backend","timestamp":"2026-03-05 18:59:33"}
{"level":"info","message":"Redis Adapter connected to Socket.io","service":"chat-backend","timestamp":"2026-03-05 18:59:33"}
{"level":"info","message":"DB Connection Successful","service":"chat-backend","timestamp":"2026-03-05 18:59:33"}
{"level":"info","message":"Server started on Port 5000","service":"chat-backend","timestamp":"2026-03-05 21:19:26"}
{"level":"info","message":"Redis Adapter connected to Socket.io","service":"chat-backend","timestamp":"2026-03-05 21:19:26"}
{"level":"info","message":"DB Connection Successful","service":"chat-backend","timestamp":"2026-03-05 21:19:26"}
{"level":"info","message":"Server started on Port 5000","service":"chat-backend","timestamp":"2026-03-06 08:24:07"}
{"level":"info","message":"Redis Adapter connected to Socket.io","service":"chat-backend","timestamp":"2026-03-06 08:24:07"}
{"level":"info","message":"DB Connection Successful","service":"chat-backend","timestamp":"2026-03-06 08:24:07"}
{"level":"info","message":"Server started on Port 5000","service":"chat-backend","timestamp":"2026-03-06 08:49:43"}
{"level":"info","message":"Redis Adapter connected to Socket.io","service":"chat-backend","timestamp":"2026-03-06 08:49:43"}
{"level":"info","message":"DB Connection Successful","service":"chat-backend","timestamp":"2026-03-06 08:49:43"}
{"level":"info","message":"Server started on Port 5000","service":"chat-backend","timestamp":"2026-03-07 15:24:30"}
{"level":"info","message":"Redis Adapter connected to Socket.io","service":"chat-backend","timestamp":"2026-03-07 15:24:30"}
{"level":"info","message":"DB Connection Successful","service":"chat-backend","timestamp":"2026-03-07 15:24:30"}
{"level":"info","message":"Server started on Port 5000","service":"chat-backend","timestamp":"2026-03-07 15:26:12"}
{"level":"info","message":"Redis Adapter connected to Socket.io","service":"chat-backend","timestamp":"2026-03-07 15:26:12"}
{"level":"info","message":"DB Connection Successful","service":"chat-backend","timestamp":"2026-03-07 15:26:12"}
{"level":"info","message":"Server started on Port 5000","service":"chat-backend","timestamp":"2026-03-07 15:26:24"}
{"level":"info","message":"Redis Adapter connected to Socket.io","service":"chat-backend","timestamp":"2026-03-07 15:26:24"}
{"level":"info","message":"DB Connection Successful","service":"chat-backend","timestamp":"2026-03-07 15:26:24"}
{"level":"info","message":"Server started on Port 5000","service":"chat-backend","timestamp":"2026-03-07 15:32:10"}
{"level":"info","message":"DB Connection Successful","service":"chat-backend","timestamp":"2026-03-07 15:32:10"}
{"level":"info","message":"Redis Adapter connected to Socket.io","service":"chat-backend","timestamp":"2026-03-07 15:32:10"}
{"level":"info","message":"Server started on Port 5000","service":"chat-backend","timestamp":"2026-03-07 17:11:13"}
{"level":"info","message":"Redis Adapter connected to Socket.io","service":"chat-backend","timestamp":"2026-03-07 17:11:13"}
{"level":"info","message":"DB Connection Successful","service":"chat-backend","timestamp":"2026-03-07 17:11:13"}
{"level":"info","message":"Server started on Port 5000","service":"chat-backend","timestamp":"2026-03-07 17:11:49"}
{"level":"info","message":"Redis Adapter connected to Socket.io","service":"chat-backend","timestamp":"2026-03-07 17:11:49"}
{"level":"info","message":"DB Connection Successful","service":"chat-backend","timestamp":"2026-03-07 17:11:49"}
{"level":"info","message":"Server started on Port 5000","service":"chat-backend","timestamp":"2026-03-07 17:19:16"}
{"level":"info","message":"Redis Adapter connected to Socket.io","service":"chat-backend","timestamp":"2026-03-07 17:19:16"}
{"level":"info","message":"DB Connection Successful","service":"chat-backend","timestamp":"2026-03-07 17:19:16"}
{"level":"info","message":"Server started on Port 5000","service":"chat-backend","timestamp":"2026-03-07 17:19:44"}
{"level":"info","message":"DB Connection Successful","service":"chat-backend","timestamp":"2026-03-07 17:19:44"}
{"level":"info","message":"Redis Adapter connected to Socket.io","service":"chat-backend","timestamp":"2026-03-07 17:19:44"}
{"level":"info","message":"Server started on Port 5000","service":"chat-backend","timestamp":"2026-03-07 17:23:26"}
{"level":"info","message":"Redis Adapter connected to Socket.io","service":"chat-backend","timestamp":"2026-03-07 17:23:26"}
{"level":"info","message":"DB Connection Successful","service":"chat-backend","timestamp":"2026-03-07 17:23:26"}
{"level":"info","message":"Server started on Port 5000","service":"chat-backend","timestamp":"2026-03-07 17:28:41"}
{"level":"info","message":"DB Connection Successful","service":"chat-backend","timestamp":"2026-03-07 17:28:41"}
{"level":"info","message":"Redis Adapter connected to Socket.io","service":"chat-backend","timestamp":"2026-03-07 17:28:41"}
{"level":"info","message":"Server started on Port 5000","service":"chat-backend","timestamp":"2026-03-07 23:34:58"}
{"level":"info","message":"Redis Adapter connected to Socket.io","service":"chat-backend","timestamp":"2026-03-07 23:34:58"}
{"level":"info","message":"DB Connection Successful","service":"chat-backend","timestamp":"2026-03-07 23:34:58"}
{"level":"info","message":"Server started on Port 5000","service":"chat-backend","timestamp":"2026-03-07 23:52:55"}
{"level":"info","message":"Redis Adapter connected to Socket.io","service":"chat-backend","timestamp":"2026-03-07 23:52:55"}
{"level":"info","message":"DB Connection Successful","service":"chat-backend","timestamp":"2026-03-07 23:52:55"}
{"level":"info","message":"Server started on Port 5000","service":"chat-backend","timestamp":"2026-03-08 00:26:05"}
{"level":"info","message":"Redis Adapter connected to Socket.io","service":"chat-backend","timestamp":"2026-03-08 00:26:05"}
{"level":"info","message":"DB Connection Successful","service":"chat-backend","timestamp":"2026-03-08 00:26:05"}
{"level":"info","message":"Server started on Port 5000","service":"chat-backend","timestamp":"2026-03-08 21:29:48"}
{"level":"info","message":"Redis Adapter connected to Socket.io","service":"chat-backend","timestamp":"2026-03-08 21:29:48"}
{"level":"info","message":"DB Connection Successful","service":"chat-backend","timestamp":"2026-03-08 21:29:48"}
{"level":"info","message":"Server started on Port 5000","service":"chat-backend","timestamp":"2026-03-08 21:30:06"}
{"level":"info","message":"Redis Adapter connected to Socket.io","service":"chat-backend","timestamp":"2026-03-08 21:30:06"}
{"level":"info","message":"DB Connection Successful","service":"chat-backend","timestamp":"2026-03-08 21:30:06"}
{"level":"info","message":"Server started on Port 5000","service":"chat-backend","timestamp":"2026-03-08 22:09:03"}
{"level":"info","message":"Redis Adapter connected to Socket.io","service":"chat-backend","timestamp":"2026-03-08 22:09:03"}
{"level":"info","message":"DB Connection Successful","service":"chat-backend","timestamp":"2026-03-08 22:09:03"}
{"level":"info","message":"Server started on Port 5000","service":"chat-backend","timestamp":"2026-03-08 22:11:57"}
{"level":"info","message":"Redis Adapter connected to Socket.io","service":"chat-backend","timestamp":"2026-03-08 22:11:57"}
{"level":"info","message":"DB Connection Successful","service":"chat-backend","timestamp":"2026-03-08 22:11:57"}
{"level":"info","message":"Server started on Port 5000","service":"chat-backend","timestamp":"2026-03-08 22:14:10"}
{"level":"info","message":"DB Connection Successful","service":"chat-backend","timestamp":"2026-03-08 22:14:10"}
{"level":"info","message":"Redis Adapter connected to Socket.io","service":"chat-backend","timestamp":"2026-03-08 22:14:11"}
{"level":"info","message":"Server started on Port 5000","service":"chat-backend","timestamp":"2026-03-09 15:32:23"}
{"level":"info","message":"Redis Adapter connected to Socket.io","service":"chat-backend","timestamp":"2026-03-09 15:32:23"}
{"level":"info","message":"DB Connection Successful","service":"chat-backend","timestamp":"2026-03-09 15:32:23"}
{"level":"info","message":"Server started on Port 5000","service":"chat-backend","timestamp":"2026-03-09 15:32:30"}
{"level":"info","message":"DB Connection Successful","service":"chat-backend","timestamp":"2026-03-09 15:32:30"}
{"level":"info","message":"Redis Adapter connected to Socket.io","service":"chat-backend","timestamp":"2026-03-09 15:32:30"}
{"level":"info","message":"Server started on Port 5000","service":"chat-backend","timestamp":"2026-03-09 15:33:07"}
{"level":"info","message":"DB Connection Successful","service":"chat-backend","timestamp":"2026-03-09 15:33:07"}
{"level":"info","message":"Redis Adapter connected to Socket.io","service":"chat-backend","timestamp":"2026-03-09 15:33:07"}
{"level":"info","message":"SIGINT signal received: Closing server & cleaning up resources...","service":"chat-backend","timestamp":"2026-03-09 15:44:06"}
{"level":"info","message":"Server started on Port 5000","service":"chat-backend","timestamp":"2026-03-09 15:44:13"}
{"level":"info","message":"DB Connection Successful","service":"chat-backend","timestamp":"2026-03-09 15:44:13"}
{"level":"info","message":"Redis Adapter connected to Socket.io","service":"chat-backend","timestamp":"2026-03-09 15:44:13"}
{"level":"info","message":"Server started on Port 5000","service":"chat-backend","timestamp":"2026-03-09 16:19:24"}
{"level":"info","message":"Redis Adapter connected to Socket.io","service":"chat-backend","timestamp":"2026-03-09 16:19:24"}
{"level":"info","message":"DB Connection Successful","service":"chat-backend","timestamp":"2026-03-09 16:19:24"}
{"level":"info","message":"Server started on Port 5000","service":"chat-backend","timestamp":"2026-03-09 16:20:24"}
{"level":"info","message":"Redis Adapter connected to Socket.io","service":"chat-backend","timestamp":"2026-03-09 16:20:24"}
{"level":"info","message":"DB Connection Successful","service":"chat-backend","timestamp":"2026-03-09 16:20:24"}
{"level":"info","message":"Server started on Port 5000","service":"chat-backend","timestamp":"2026-03-09 16:20:32"}
{"level":"info","message":"Redis Adapter connected to Socket.io","service":"chat-backend","timestamp":"2026-03-09 16:20:32"}
{"level":"info","message":"DB Connection Successful","service":"chat-backend","timestamp":"2026-03-09 16:20:32"}
{"level":"info","message":"Server started on Port 5000","service":"chat-backend","timestamp":"2026-03-09 17:07:08"}
{"level":"info","message":"Redis Adapter connected to Socket.io","service":"chat-backend","timestamp":"2026-03-09 17:07:08"}
{"level":"info","message":"DB Connection Successful","service":"chat-backend","timestamp":"2026-03-09 17:07:08"}
{"level":"error","message":"500 - Cast to string failed for value \"{\n  alg: 'RSA-OAEP-256',\n  e: 'AQAB',\n  ext: true,\n  key_ops: [ 'encrypt' ],\n  kty: 'RSA',\n  n: 'zB3Kdcnw4l6na80Tm9poJRYYE8XQzQYL5JvhHWEwhIS_rU9lUWkbutJjaGZ6JIEpSoTfqGXpvuIG6v7wDPnj2UQRpwfOSJSKj4ZUN-hX9OvtC-qX1VZ3Gw0OYxABMkgamJYRmDMFfh-VxW8mCA17TowgtyOWlq1CzRRkmy58UUhOnMSADiWzBWrEIpGBMbuyQtCYoEw4S7UdhmuuV0Dk0ObOa695DI6lH137F0ZJnRTRERVDFXla90qBmAtT1UzxHbxKlMdYWza82ac76Yv-DGtdLJxWYtwDu0iz8JTFqb6HIRNB5y7hMhx9gSqJPJVFd1N0cxlrUiNvqVvnAnuRPQ'\n}\" (type Object) at path \"publicKey\" - /api/auth/public-key - POST - ::1","service":"chat-backend","timestamp":"2026-03-09 17:07:55"}
{"level":"error","message":"CastError: Cast to string failed for value \"{\n  alg: 'RSA-OAEP-256',\n  e: 'AQAB',\n  ext: true,\n  key_ops: [ 'encrypt' ],\n  kty: 'RSA',\n  n: 'zB3Kdcnw4l6na80Tm9poJRYYE8XQzQYL5JvhHWEwhIS_rU9lUWkbutJjaGZ6JIEpSoTfqGXpvuIG6v7wDPnj2UQRpwfOSJSKj4ZUN-hX9OvtC-qX1VZ3Gw0OYxABMkgamJYRmDMFfh-VxW8mCA17TowgtyOWlq1CzRRkmy58UUhOnMSADiWzBWrEIpGBMbuyQtCYoEw4S7UdhmuuV0Dk0ObOa695DI6lH137F0ZJnRTRERVDFXla90qBmAtT1UzxHbxKlMdYWza82ac76Yv-DGtdLJxWYtwDu0iz8JTFqb6HIRNB5y7hMhx9gSqJPJVFd1N0cxlrUiNvqVvnAnuRPQ'\n}\" (type Object) at path \"publicKey\"\n    at SchemaString.cast (C:\\Users\\User\\Desktop\\תואר\\Projects\\chat-app\\server\\node_modules\\mongoose\\lib\\schema\\string.js:609:11)\n    at SchemaType.applySetters (C:\\Users\\User\\Desktop\\תואר\\Projects\\chat-app\\server\\node_modules\\mongoose\\lib\\schemaType.js:1288:12)\n    at SchemaString.castForQuery (C:\\Users\\User\\Desktop\\תואר\\Projects\\chat-app\\server\\node_modules\\mongoose\\lib\\schema\\string.js:703:17)\n    at castUpdateVal (C:\\Users\\User\\Desktop\\תואר\\Projects\\chat-app\\server\\node_modules\\mongoose\\lib\\helpers\\query\\castUpdate.js:633:19)\n    at walkUpdatePath (C:\\Users\\User\\Desktop\\תואר\\Projects\\chat-app\\server\\node_modules\\mongoose\\lib\\helpers\\query\\castUpdate.js:333:22)\n    at castUpdate (C:\\Users\\User\\Desktop\\תואר\\Projects\\chat-app\\server\\node_modules\\mongoose\\lib\\helpers\\query\\castUpdate.js:144:7)\n    at model.Query._castUpdate (C:\\Users\\User\\Desktop\\תואר\\Projects\\chat-app\\server\\node_modules\\mongoose\\lib\\query.js:4874:10)\n    at model.Query._findOneAndUpdate (C:\\Users\\User\\Desktop\\תואר\\Projects\\chat-app\\server\\node_modules\\mongoose\\lib\\query.js:3497:23)\n    at model.Query.exec (C:\\Users\\User\\Desktop\\תואר\\Projects\\chat-app\\server\\node_modules\\mongoose\\lib\\query.js:4627:80)\n    at process.processTicksAndRejections (node:internal/process/task_queues:103:5)","service":"chat-backend","timestamp":"2026-03-09 17:07:55"}
